<?xml version="1.0" encoding="utf-8"?>
<testsuites>
  <testsuite name="SkillIcons loads after its dependencies and declares its settings shortcut" tests="2" failures="0" skipped="0" flakes="0" time="0.731">
    <testcase name="the mod loads after Harmony, Vanilla Skills Expanded and Alpha Skills" classname="SkillIcons loads after its dependencies and declares its settings shortcut" time="0.623">
      <system-out>Attachment: smoke-attachment -&gt; smoke test attachment content
</system-out>
    </testcase>
    <testcase name="the hidden MainButtons settings shortcut is declared" classname="SkillIcons loads after its dependencies and declares its settings shortcut" time="0.108">
      <system-out>Attachment: smoke-attachment -&gt; smoke test attachment content
</system-out>
    </testcase>
  </testsuite>
  <testsuite name="the settings page on a clean configuration" tests="1" failures="0" skipped="0" flakes="0" time="10.154">
    <testcase name="screenshot of Dialog_ModSettings with nothing changed" classname="the settings page on a clean configuration" time="10.154">
      <system-out>Attachment: smoke-attachment -&gt; smoke test attachment content
Attachment: settings page defaults -&gt; /mnt/c/Users/nelim/Documents/rimworld/pickle-reports/screenshots/manual--settings-page-defaults--step0.png
</system-out>
    </testcase>
  </testsuite>
  <testsuite name="passion icons in the Bio tab and the Work tab" tests="1" failures="0" skipped="0" flakes="0" time="8.979">
    <testcase name="screenshots of a mixed passion set in the Bio tab and the Work tab" classname="passion icons in the Bio tab and the Work tab" time="8.979">
      <system-out>Attachment: smoke-attachment -&gt; smoke test attachment content
Attachment: bio tab mixed passions -&gt; /mnt/c/Users/nelim/Documents/rimworld/pickle-reports/screenshots/manual--bio-tab-mixed-passions--step0.png
Attachment: work tab mixed passions -&gt; /mnt/c/Users/nelim/Documents/rimworld/pickle-reports/screenshots/manual--work-tab-mixed-passions--step0.png
</system-out>
    </testcase>
  </testsuite>
  <testsuite name="the three work tab modes" tests="1" failures="0" skipped="0" flakes="0" time="9.472">
    <testcase name="screenshots of Colour, Greyed and Mixed" classname="the three work tab modes" time="9.472">
      <system-out>Attachment: smoke-attachment -&gt; smoke test attachment content
Attachment: work tab mode colour -&gt; /mnt/c/Users/nelim/Documents/rimworld/pickle-reports/screenshots/manual--work-tab-mode-colour--step0.png
Attachment: work tab mode grey -&gt; /mnt/c/Users/nelim/Documents/rimworld/pickle-reports/screenshots/manual--work-tab-mode-grey--step0.png
Attachment: work tab mode mixed -&gt; /mnt/c/Users/nelim/Documents/rimworld/pickle-reports/screenshots/manual--work-tab-mode-mixed--step0.png
</system-out>
    </testcase>
  </testsuite>
  <testsuite name="work tab icon size and opacity sliders" tests="1" failures="0" skipped="0" flakes="0" time="10.368">
    <testcase name="screenshots at default, minimum, maximum, then reverted to default" classname="work tab icon size and opacity sliders" time="10.368">
      <system-out>Attachment: smoke-attachment -&gt; smoke test attachment content
Attachment: work tab sliders default -&gt; /mnt/c/Users/nelim/Documents/rimworld/pickle-reports/screenshots/manual--work-tab-sliders-default--step0.png
Attachment: work tab sliders minimum -&gt; /mnt/c/Users/nelim/Documents/rimworld/pickle-reports/screenshots/manual--work-tab-sliders-minimum--step0.png
Attachment: work tab sliders maximum -&gt; /mnt/c/Users/nelim/Documents/rimworld/pickle-reports/screenshots/manual--work-tab-sliders-maximum--step0.png
Attachment: work tab sliders reverted -&gt; /mnt/c/Users/nelim/Documents/rimworld/pickle-reports/screenshots/manual--work-tab-sliders-reverted--step0.png
</system-out>
    </testcase>
  </testsuite>
  <testsuite name="the Alpha Skills and Vanilla Skills Expanded def fixes survived loading" tests="2" failures="0" skipped="0" flakes="0" time="0.695">
    <testcase name="the two blindness tiers keep this set's own distinct icons" classname="the Alpha Skills and Vanilla Skills Expanded def fixes survived loading" time="0.465">
      <system-out>Attachment: smoke-attachment -&gt; smoke test attachment content
</system-out>
    </testcase>
    <testcase name="apathy has a work tab icon instead of an empty cell" classname="the Alpha Skills and Vanilla Skills Expanded def fixes survived loading" time="0.230">
      <system-out>Attachment: smoke-attachment -&gt; smoke test attachment content
</system-out>
    </testcase>
  </testsuite>
  <testsuite name="the &quot;no passion&quot; icon is off by default and stays discreet when enabled" tests="1" failures="0" skipped="0" flakes="0" time="7.850">
    <testcase name="nothing by default, a faint hollow heart once enabled" classname="the &quot;no passion&quot; icon is off by default and stays discreet when enabled" time="7.850">
      <system-out>Attachment: smoke-attachment -&gt; smoke test attachment content
Attachment: no passion icon off -&gt; /mnt/c/Users/nelim/Documents/rimworld/pickle-reports/screenshots/manual--no-passion-icon-off--step0.png
Attachment: no passion icon on -&gt; /mnt/c/Users/nelim/Documents/rimworld/pickle-reports/screenshots/manual--no-passion-icon-on--step0.png
</system-out>
    </testcase>
  </testsuite>
  <testsuite name="settings survive the trip to disk and back" tests="1" failures="0" skipped="0" flakes="0" time="6.716">
    <testcase name="changed values reach the file and come back from it" classname="settings survive the trip to disk and back" time="6.716">
      <system-out>Attachment: smoke-attachment -&gt; smoke test attachment content
</system-out>
    </testcase>
  </testsuite>
  <testsuite name="the hidden MainButtons shortcut opens this mod's own settings" tests="4" failures="0" skipped="0" flakes="0" time="28.780">
    <testcase name="hidden by default, and opens the same dialog when activated" classname="the hidden MainButtons shortcut opens this mod's own settings" time="6.331">
      <system-out>Attachment: smoke-attachment -&gt; smoke test attachment content
Attachment: settings opened by the MainButtons shortcut -&gt; /mnt/c/Users/nelim/Documents/rimworld/pickle-reports/screenshots/manual--settings-opened-by-the-MainButtons-shortcut--step0.png
</system-out>
    </testcase>
    <testcase name="a change made through the shortcut is there through Mod options" classname="the hidden MainButtons shortcut opens this mod's own settings" time="7.502">
      <system-out>Attachment: smoke-attachment -&gt; smoke test attachment content
</system-out>
    </testcase>
    <testcase name="revealed it is drawn and live, hidden it is gone again" classname="the hidden MainButtons shortcut opens this mod's own settings" time="8.445">
      <system-out>Attachment: smoke-attachment -&gt; smoke test attachment content
Attachment: main button bar, shortcut hidden -&gt; /mnt/c/Users/nelim/Documents/rimworld/pickle-reports/screenshots/manual--main-button-bar--shortcut-hidden--step0.png
Attachment: main button bar, shortcut revealed -&gt; /mnt/c/Users/nelim/Documents/rimworld/pickle-reports/screenshots/manual--main-button-bar--shortcut-revealed--step0.png
</system-out>
    </testcase>
    <testcase name="the description is the one for the language this pass runs in" classname="the hidden MainButtons shortcut opens this mod's own settings" time="6.502">
      <system-out>Attachment: smoke-attachment -&gt; smoke test attachment content
</system-out>
    </testcase>
  </testsuite>
  <testsuite name="the settings page in the language the game runs in" tests="1" failures="0" skipped="0" flakes="0" time="0.921">
    <testcase name="no control reads as a raw key, whatever language this pass runs in" classname="the settings page in the language the game runs in" time="0.921">
      <system-out>Attachment: smoke-attachment -&gt; smoke test attachment content
Attachment: settings page, as this pass runs it -&gt; /mnt/c/Users/nelim/Documents/rimworld/pickle-reports/screenshots/manual--settings-page--as-this-pass-runs-it--step0.png
</system-out>
    </testcase>
  </testsuite>
  <testsuite name="the animated passions actually animate" tests="2" failures="0" skipped="0" flakes="0" time="8.499">
    <testcase name="an animated passion draws a different frame a moment later" classname="the animated passions actually animate" time="4.233">
      <system-out>Attachment: smoke-attachment -&gt; smoke test attachment content
</system-out>
    </testcase>
    <testcase name="a passion with no animation draws the same frame" classname="the animated passions actually animate" time="4.266">
      <system-out>Attachment: smoke-attachment -&gt; smoke test attachment content
</system-out>
    </testcase>
  </testsuite>
  <testsuite name="this mod wins the texture paths it shares with another icon set" tests="1" failures="0" skipped="0" flakes="0" time="0.497">
    <testcase name="the shared passion paths resolve to this mod" classname="this mod wins the texture paths it shares with another icon set" time="0.497">
      <system-out>Attachment: smoke-attachment -&gt; smoke test attachment content
</system-out>
    </testcase>
  </testsuite>
</testsuites>